.......b
b.....b.
.b......
..b...b.
...r....
r...r...
...r.r..
..r...B.

.......b
b.....b.
.b......
..b...b.
.r.r....
....r...
...r.r..
..r...B.

.......b
b.....b.
.b......
......b.
...r....
b...r...
...r.r..
..r...B.

.......b
b.....b.
.b......
..r...b.
........
b...r...
...r.r..
..r...B.

.......b
b.....b.
........
......b.
...b....
b...r...
...r.r..
..r...B.

.......b
b.....b.
........
..r...b.
........
b.......
...r.r..
..r...B.

.......b
b.....b.
........
..r...b.
........
b...B...
...r....
..r.....

.....R.b
b.......
........
..r.....
........
b.......
........
..r.....

.....R..
b.....b.
........
..r.....
........
b.......
........
..r.....

........
b.......
.......R
..r.....
........
b.......
........
..r.....

........
........
.b.....R
..r.....
........
b.......
........
..r.....

........
r.......
.......R
........
........
b.......
........
..r.....

........
r.......
.......R
........
........
........
.b......
..r.....

........
r.......
.......R
........
........
r.......
........
........

